Unity Editor version:    2021.3.19f1 (c9714fde33b6)
Branch:                  2021.3/staging
Build type:              Release
Batch mode:              YES
macOS version:           Version 13.2.1 (Build 22D68)
Darwin version:          22.3.0
Architecture:            x86_64
Running under Rosetta:   YES
Available memory:        16384 MB
Using pre-set license
Pro License: YES

COMMAND LINE ARGUMENTS:
/Applications/Unity/Hub/Editor/2021.3.19f1/Unity.app/Contents/MacOS/Unity
-adb2
-batchMode
-noUpm
-name
AssetImportWorker0
-projectPath
/Users/sibisatheeshkumar/Documents/GitHub/BikeGame
-logFile
Logs/AssetImportWorker0.log
-srvPort
50402
Successfully changed project path to: /Users/sibisatheeshkumar/Documents/GitHub/BikeGame
/Users/sibisatheeshkumar/Documents/GitHub/BikeGame
[UnityMemory] Configuration Parameters - Can be set up in boot.config
    "memorysetup-bucket-allocator-granularity=16"
    "memorysetup-bucket-allocator-bucket-count=8"
    "memorysetup-bucket-allocator-block-size=33554432"
    "memorysetup-bucket-allocator-block-count=8"
    "memorysetup-main-allocator-block-size=16777216"
    "memorysetup-thread-allocator-block-size=16777216"
    "memorysetup-gfx-main-allocator-block-size=16777216"
    "memorysetup-gfx-thread-allocator-block-size=16777216"
    "memorysetup-cache-allocator-block-size=4194304"
    "memorysetup-typetree-allocator-block-size=2097152"
    "memorysetup-profiler-bucket-allocator-granularity=16"
    "memorysetup-profiler-bucket-allocator-bucket-count=8"
    "memorysetup-profiler-bucket-allocator-block-size=33554432"
    "memorysetup-profiler-bucket-allocator-block-count=8"
    "memorysetup-profiler-allocator-block-size=16777216"
    "memorysetup-profiler-editor-allocator-block-size=1048576"
    "memorysetup-temp-allocator-size-main=16777216"
    "memorysetup-job-temp-allocator-block-size=2097152"
    "memorysetup-job-temp-allocator-block-size-background=1048576"
    "memorysetup-job-temp-allocator-reduction-small-platforms=262144"
    "memorysetup-temp-allocator-size-background-worker=32768"
    "memorysetup-temp-allocator-size-job-worker=262144"
    "memorysetup-temp-allocator-size-preload-manager=33554432"
    "memorysetup-temp-allocator-size-nav-mesh-worker=65536"
    "memorysetup-temp-allocator-size-audio-worker=65536"
    "memorysetup-temp-allocator-size-cloud-worker=32768"
    "memorysetup-temp-allocator-size-gi-baking-worker=262144"
    "memorysetup-temp-allocator-size-gfx=262144"
Player connection [8696570560] Host "[IP] 172.24.193.116 [Port] 0 [Flags] 2 [Guid] 2372773647 [EditorId] 2372773647 [Version] 1048832 [Id] OSXEditor(0,MacBook-Pro.local) [Debug] 1 [PackageName] OSXEditor [ProjectName] Editor" joined multi-casting on [225.0.0.222:54997]...

Player connection [8696570560] Host "[IP] 172.24.193.116 [Port] 0 [Flags] 2 [Guid] 2372773647 [EditorId] 2372773647 [Version] 1048832 [Id] OSXEditor(0,MacBook-Pro.local) [Debug] 1 [PackageName] OSXEditor [ProjectName] Editor" joined alternative multi-casting on [225.0.0.222:34997]...

Refreshing native plugins compatible for Editor in 87.36 ms, found 3 plugins.
Preloading 0 native plugins for Editor in 0.00 ms.
Initialize engine version: 2021.3.19f1 (c9714fde33b6)
[Subsystems] Discovering subsystems at path /Applications/Unity/Hub/Editor/2021.3.19f1/Unity.app/Contents/Resources/UnitySubsystems
[Subsystems] Discovering subsystems at path /Users/sibisatheeshkumar/Documents/GitHub/BikeGame/Assets
GfxDevice: creating device client; threaded=0; jobified=0
 preferred device: Apple M2 Pro (high power)
Metal devices available: 1
0: Apple M2 Pro (high power)
Using device Apple M2 Pro (high power)
Initializing Metal device caps: Apple M2 Pro
Initialize mono
Mono path[0] = '/Applications/Unity/Hub/Editor/2021.3.19f1/Unity.app/Contents/Managed'
Mono path[1] = '/Applications/Unity/Hub/Editor/2021.3.19f1/Unity.app/Contents/MonoBleedingEdge/lib/mono/unityjit-macos'
Mono config path = '/Applications/Unity/Hub/Editor/2021.3.19f1/Unity.app/Contents/MonoBleedingEdge/etc'
Using monoOptions --debugger-agent=transport=dt_socket,embedding=1,server=y,suspend=n,address=127.0.0.1:56257
Begin MonoManager ReloadAssembly
Registering precompiled unity dll's ...
Register platform support module: /Applications/Unity/Hub/Editor/2021.3.19f1/PlaybackEngines/WebGLSupport/UnityEditor.WebGL.Extensions.dll
Register platform support module: /Applications/Unity/Hub/Editor/2021.3.19f1/Unity.app/Contents/PlaybackEngines/MacStandaloneSupport/UnityEditor.OSXStandalone.Extensions.dll
Registered in 0.000579 seconds.
Native extension for OSXStandalone target not found
Native extension for WebGL target not found
Refreshing native plugins compatible for Editor in 80.84 ms, found 3 plugins.
Preloading 0 native plugins for Editor in 0.00 ms.
Mono: successfully reloaded assembly
- Completed reload, in  1.281 seconds
Domain Reload Profiling:
	ReloadAssembly (1282ms)
		BeginReloadAssembly (116ms)
			ExecutionOrderSort (0ms)
			DisableScriptedObjects (0ms)
			BackupInstance (0ms)
			ReleaseScriptingObjects (0ms)
			CreateAndSetChildDomain (3ms)
		EndReloadAssembly (969ms)
			LoadAssemblies (113ms)
			RebuildTransferFunctionScriptingTraits (0ms)
			SetupTypeCache (90ms)
			ReleaseScriptCaches (0ms)
			RebuildScriptCaches (28ms)
			SetupLoadedEditorAssemblies (716ms)
				LogAssemblyErrors (0ms)
				InitializePlatformSupportModulesInManaged (17ms)
				SetLoadedEditorAssemblies (0ms)
				RefreshPlugins (81ms)
				BeforeProcessingInitializeOnLoad (3ms)
				ProcessInitializeOnLoadAttributes (452ms)
				ProcessInitializeOnLoadMethodAttributes (163ms)
				AfterProcessingInitializeOnLoad (0ms)
				EditorAssembliesLoaded (0ms)
			ExecutionOrderSort2 (0ms)
			AwakeInstancesAfterBackupRestoration (0ms)
Platform modules already initialized, skipping
Registering precompiled user dll's ...
Registered in 0.001896 seconds.
Begin MonoManager ReloadAssembly
Symbol file LoadedFromMemory doesn't match image /Users/sibisatheeshkumar/Documents/GitHub/BikeGame/Library/PackageCache/com.unity.visualscripting@1.8.0/Editor/VisualScripting.Core/Dependencies/YamlDotNet/Unity.VisualScripting.YamlDotNet.dll
Symbol file LoadedFromMemory doesn't match image /Users/sibisatheeshkumar/Documents/GitHub/BikeGame/Library/PackageCache/com.unity.visualscripting@1.8.0/Editor/VisualScripting.Core/Dependencies/DotNetZip/Unity.VisualScripting.IonicZip.dll
Native extension for OSXStandalone target not found
Native extension for WebGL target not found
Refreshing native plugins compatible for Editor in 80.79 ms, found 3 plugins.
Preloading 0 native plugins for Editor in 0.00 ms.
Mono: successfully reloaded assembly
- Completed reload, in  2.653 seconds
Domain Reload Profiling:
	ReloadAssembly (2656ms)
		BeginReloadAssembly (202ms)
			ExecutionOrderSort (0ms)
			DisableScriptedObjects (36ms)
			BackupInstance (0ms)
			ReleaseScriptingObjects (0ms)
			CreateAndSetChildDomain (25ms)
		EndReloadAssembly (2212ms)
			LoadAssemblies (108ms)
			RebuildTransferFunctionScriptingTraits (0ms)
			SetupTypeCache (188ms)
			ReleaseScriptCaches (1ms)
			RebuildScriptCaches (49ms)
			SetupLoadedEditorAssemblies (1659ms)
				LogAssemblyErrors (0ms)
				InitializePlatformSupportModulesInManaged (11ms)
				SetLoadedEditorAssemblies (0ms)
				RefreshPlugins (81ms)
				BeforeProcessingInitializeOnLoad (117ms)
				ProcessInitializeOnLoadAttributes (1331ms)
				ProcessInitializeOnLoadMethodAttributes (118ms)
				AfterProcessingInitializeOnLoad (1ms)
				EditorAssembliesLoaded (0ms)
			ExecutionOrderSort2 (0ms)
			AwakeInstancesAfterBackupRestoration (9ms)
Platform modules already initialized, skipping
========================================================================
Worker process is ready to serve import requests
Launching external process: /Applications/Unity/Hub/Editor/2021.3.19f1/Unity.app/Contents/Tools/UnityShaderCompiler
Launched and connected shader compiler UnityShaderCompiler after 0.08 seconds
Refreshing native plugins compatible for Editor in 0.62 ms, found 3 plugins.
Preloading 0 native plugins for Editor in 0.00 ms.
Unloading 3736 Unused Serialized files (Serialized files now loaded: 0)
Unloading 35 unused Assets / (Unknown). Loaded Objects now: 4196.
Memory consumption went from 136.8 MB to 136.9 MB.
Total: 3.843208 ms (FindLiveObjects: 0.263917 ms CreateObjectMapping: 0.085875 ms MarkObjects: 3.396375 ms  DeleteObjects: 0.096583 ms)

AssetImportParameters requested are different than current active one (requested -> active):
  custom:video-decoder-ogg-theora: a1e56fd34408186e4bbccfd4996cb3dc -> 
  custom:container-muxer-webm: aa71ff27fc2769a1b78a27578f13a17b -> 
  custom:container-demuxer-webm: 4f35f7cbe854078d1ac9338744f61a02 -> 
  custom:video-encoder-webm-vp8: eb34c28f22e8b96e1ab97ce403110664 -> 
  custom:framework-osx-AVFoundation: e770b220cccbd017edd2c1fefb359320 -> 
  custom:audio-encoder-webm-vorbis: bf7c407c2cedff20999df2af8eb42d56 -> 
  custom:container-demuxer-ogg: 62fdf1f143b41e24485cea50d1cbac27 -> 
  custom:video-decoder-webm-vp8: 9c59270c3fd7afecdb556c50c9e8de78 -> 
  custom:audio-decoder-ogg-vorbis: bf7c407c2cedff20999df2af8eb42d56 -> 
========================================================================
Received Prepare
Registering precompiled user dll's ...
Registered in 0.001815 seconds.
Begin MonoManager ReloadAssembly
Symbol file LoadedFromMemory doesn't match image /Users/sibisatheeshkumar/Documents/GitHub/BikeGame/Library/PackageCache/com.unity.visualscripting@1.8.0/Editor/VisualScripting.Core/Dependencies/YamlDotNet/Unity.VisualScripting.YamlDotNet.dll
Symbol file LoadedFromMemory doesn't match image /Users/sibisatheeshkumar/Documents/GitHub/BikeGame/Library/PackageCache/com.unity.visualscripting@1.8.0/Editor/VisualScripting.Core/Dependencies/DotNetZip/Unity.VisualScripting.IonicZip.dll
Native extension for OSXStandalone target not found
Native extension for WebGL target not found
Refreshing native plugins compatible for Editor in 0.59 ms, found 3 plugins.
Preloading 0 native plugins for Editor in 0.00 ms.
Mono: successfully reloaded assembly
- Completed reload, in  2.581 seconds
Domain Reload Profiling:
	ReloadAssembly (2582ms)
		BeginReloadAssembly (202ms)
			ExecutionOrderSort (0ms)
			DisableScriptedObjects (37ms)
			BackupInstance (0ms)
			ReleaseScriptingObjects (0ms)
			CreateAndSetChildDomain (52ms)
		EndReloadAssembly (2161ms)
			LoadAssemblies (86ms)
			RebuildTransferFunctionScriptingTraits (0ms)
			SetupTypeCache (186ms)
			ReleaseScriptCaches (1ms)
			RebuildScriptCaches (39ms)
			SetupLoadedEditorAssemblies (1654ms)
				LogAssemblyErrors (0ms)
				InitializePlatformSupportModulesInManaged (30ms)
				SetLoadedEditorAssemblies (1ms)
				RefreshPlugins (1ms)
				BeforeProcessingInitializeOnLoad (101ms)
				ProcessInitializeOnLoadAttributes (1403ms)
				ProcessInitializeOnLoadMethodAttributes (118ms)
				AfterProcessingInitializeOnLoad (1ms)
				EditorAssembliesLoaded (0ms)
			ExecutionOrderSort2 (0ms)
			AwakeInstancesAfterBackupRestoration (17ms)
Platform modules already initialized, skipping
Refreshing native plugins compatible for Editor in 1.80 ms, found 3 plugins.
Preloading 0 native plugins for Editor in 0.00 ms.
Unloading 3725 Unused Serialized files (Serialized files now loaded: 0)
Unloading 22 unused Assets / (21.9 KB). Loaded Objects now: 4199.
Memory consumption went from 136.1 MB to 136.1 MB.
Total: 3.142833 ms (FindLiveObjects: 0.224417 ms CreateObjectMapping: 0.074667 ms MarkObjects: 2.823708 ms  DeleteObjects: 0.019167 ms)

AssetImportParameters requested are different than current active one (requested -> active):
  custom:video-decoder-ogg-theora: a1e56fd34408186e4bbccfd4996cb3dc -> 
  custom:container-muxer-webm: aa71ff27fc2769a1b78a27578f13a17b -> 
  custom:container-demuxer-webm: 4f35f7cbe854078d1ac9338744f61a02 -> 
  custom:video-encoder-webm-vp8: eb34c28f22e8b96e1ab97ce403110664 -> 
  custom:framework-osx-AVFoundation: e770b220cccbd017edd2c1fefb359320 -> 
  custom:audio-encoder-webm-vorbis: bf7c407c2cedff20999df2af8eb42d56 -> 
  custom:container-demuxer-ogg: 62fdf1f143b41e24485cea50d1cbac27 -> 
  custom:video-decoder-webm-vp8: 9c59270c3fd7afecdb556c50c9e8de78 -> 
  custom:audio-decoder-ogg-vorbis: bf7c407c2cedff20999df2af8eb42d56 -> 
========================================================================
Received Prepare
Registering precompiled user dll's ...
Registered in 0.002168 seconds.
Begin MonoManager ReloadAssembly
Symbol file LoadedFromMemory doesn't match image /Users/sibisatheeshkumar/Documents/GitHub/BikeGame/Library/PackageCache/com.unity.visualscripting@1.8.0/Editor/VisualScripting.Core/Dependencies/YamlDotNet/Unity.VisualScripting.YamlDotNet.dll
Symbol file LoadedFromMemory doesn't match image /Users/sibisatheeshkumar/Documents/GitHub/BikeGame/Library/PackageCache/com.unity.visualscripting@1.8.0/Editor/VisualScripting.Core/Dependencies/DotNetZip/Unity.VisualScripting.IonicZip.dll
Native extension for OSXStandalone target not found
Native extension for WebGL target not found
Refreshing native plugins compatible for Editor in 0.60 ms, found 3 plugins.
Preloading 0 native plugins for Editor in 0.00 ms.
Mono: successfully reloaded assembly
- Completed reload, in  2.736 seconds
Domain Reload Profiling:
	ReloadAssembly (2737ms)
		BeginReloadAssembly (262ms)
			ExecutionOrderSort (0ms)
			DisableScriptedObjects (45ms)
			BackupInstance (0ms)
			ReleaseScriptingObjects (0ms)
			CreateAndSetChildDomain (90ms)
		EndReloadAssembly (2271ms)
			LoadAssemblies (97ms)
			RebuildTransferFunctionScriptingTraits (0ms)
			SetupTypeCache (207ms)
			ReleaseScriptCaches (1ms)
			RebuildScriptCaches (39ms)
			SetupLoadedEditorAssemblies (1742ms)
				LogAssemblyErrors (0ms)
				InitializePlatformSupportModulesInManaged (30ms)
				SetLoadedEditorAssemblies (1ms)
				RefreshPlugins (1ms)
				BeforeProcessingInitializeOnLoad (105ms)
				ProcessInitializeOnLoadAttributes (1482ms)
				ProcessInitializeOnLoadMethodAttributes (121ms)
				AfterProcessingInitializeOnLoad (1ms)
				EditorAssembliesLoaded (0ms)
			ExecutionOrderSort2 (0ms)
			AwakeInstancesAfterBackupRestoration (17ms)
Platform modules already initialized, skipping
Refreshing native plugins compatible for Editor in 1.77 ms, found 3 plugins.
Preloading 0 native plugins for Editor in 0.00 ms.
Unloading 3725 Unused Serialized files (Serialized files now loaded: 0)
Unloading 22 unused Assets / (22.1 KB). Loaded Objects now: 4202.
Memory consumption went from 135.8 MB to 135.8 MB.
Total: 3.057875 ms (FindLiveObjects: 0.216542 ms CreateObjectMapping: 0.080708 ms MarkObjects: 2.725458 ms  DeleteObjects: 0.034417 ms)

AssetImportParameters requested are different than current active one (requested -> active):
  custom:video-decoder-ogg-theora: a1e56fd34408186e4bbccfd4996cb3dc -> 
  custom:container-muxer-webm: aa71ff27fc2769a1b78a27578f13a17b -> 
  custom:container-demuxer-webm: 4f35f7cbe854078d1ac9338744f61a02 -> 
  custom:video-encoder-webm-vp8: eb34c28f22e8b96e1ab97ce403110664 -> 
  custom:framework-osx-AVFoundation: e770b220cccbd017edd2c1fefb359320 -> 
  custom:audio-encoder-webm-vorbis: bf7c407c2cedff20999df2af8eb42d56 -> 
  custom:container-demuxer-ogg: 62fdf1f143b41e24485cea50d1cbac27 -> 
  custom:video-decoder-webm-vp8: 9c59270c3fd7afecdb556c50c9e8de78 -> 
  custom:audio-decoder-ogg-vorbis: bf7c407c2cedff20999df2af8eb42d56 -> 
========================================================================
Received Prepare
Registering precompiled user dll's ...
Registered in 0.002157 seconds.
Begin MonoManager ReloadAssembly
Symbol file LoadedFromMemory doesn't match image /Users/sibisatheeshkumar/Documents/GitHub/BikeGame/Library/PackageCache/com.unity.visualscripting@1.8.0/Editor/VisualScripting.Core/Dependencies/YamlDotNet/Unity.VisualScripting.YamlDotNet.dll
Symbol file LoadedFromMemory doesn't match image /Users/sibisatheeshkumar/Documents/GitHub/BikeGame/Library/PackageCache/com.unity.visualscripting@1.8.0/Editor/VisualScripting.Core/Dependencies/DotNetZip/Unity.VisualScripting.IonicZip.dll
Native extension for OSXStandalone target not found
Native extension for WebGL target not found
Refreshing native plugins compatible for Editor in 0.58 ms, found 3 plugins.
Preloading 0 native plugins for Editor in 0.00 ms.
Mono: successfully reloaded assembly
- Completed reload, in  2.760 seconds
Domain Reload Profiling:
	ReloadAssembly (2762ms)
		BeginReloadAssembly (251ms)
			ExecutionOrderSort (0ms)
			DisableScriptedObjects (41ms)
			BackupInstance (0ms)
			ReleaseScriptingObjects (0ms)
			CreateAndSetChildDomain (78ms)
		EndReloadAssembly (2306ms)
			LoadAssemblies (105ms)
			RebuildTransferFunctionScriptingTraits (0ms)
			SetupTypeCache (222ms)
			ReleaseScriptCaches (1ms)
			RebuildScriptCaches (39ms)
			SetupLoadedEditorAssemblies (1729ms)
				LogAssemblyErrors (0ms)
				InitializePlatformSupportModulesInManaged (30ms)
				SetLoadedEditorAssemblies (1ms)
				RefreshPlugins (1ms)
				BeforeProcessingInitializeOnLoad (107ms)
				ProcessInitializeOnLoadAttributes (1465ms)
				ProcessInitializeOnLoadMethodAttributes (124ms)
				AfterProcessingInitializeOnLoad (1ms)
				EditorAssembliesLoaded (0ms)
			ExecutionOrderSort2 (0ms)
			AwakeInstancesAfterBackupRestoration (18ms)
Platform modules already initialized, skipping
Refreshing native plugins compatible for Editor in 1.75 ms, found 3 plugins.
Preloading 0 native plugins for Editor in 0.00 ms.
Unloading 3725 Unused Serialized files (Serialized files now loaded: 0)
Unloading 22 unused Assets / (22.0 KB). Loaded Objects now: 4205.
Memory consumption went from 135.8 MB to 135.8 MB.
Total: 2.938042 ms (FindLiveObjects: 0.204666 ms CreateObjectMapping: 0.080750 ms MarkObjects: 2.615958 ms  DeleteObjects: 0.036167 ms)

AssetImportParameters requested are different than current active one (requested -> active):
  custom:video-decoder-ogg-theora: a1e56fd34408186e4bbccfd4996cb3dc -> 
  custom:container-muxer-webm: aa71ff27fc2769a1b78a27578f13a17b -> 
  custom:container-demuxer-webm: 4f35f7cbe854078d1ac9338744f61a02 -> 
  custom:video-encoder-webm-vp8: eb34c28f22e8b96e1ab97ce403110664 -> 
  custom:framework-osx-AVFoundation: e770b220cccbd017edd2c1fefb359320 -> 
  custom:audio-encoder-webm-vorbis: bf7c407c2cedff20999df2af8eb42d56 -> 
  custom:container-demuxer-ogg: 62fdf1f143b41e24485cea50d1cbac27 -> 
  custom:video-decoder-webm-vp8: 9c59270c3fd7afecdb556c50c9e8de78 -> 
  custom:audio-decoder-ogg-vorbis: bf7c407c2cedff20999df2af8eb42d56 -> 
========================================================================
Received Import Request.
  Time since last request: 327123.013436 seconds.
  path: Assets/Scenes/MainMenu.unity
  artifactKey: Guid(f8548d24d6b6543d4ad48e8326d13005) Importer(815301076,1909f56bfc062723c751e8b465ee728b)
Start importing Assets/Scenes/MainMenu.unity using Guid(f8548d24d6b6543d4ad48e8326d13005) Importer(815301076,1909f56bfc062723c751e8b465ee728b)  -> (artifact id: 'c145c8dfab32d36c79ef1b9d27eb7d65') in 0.040271 seconds 
========================================================================
Received Import Request.
  Time since last request: 482.913392 seconds.
  path: Assets/Sprites
  artifactKey: Guid(0ca8bac86119d437f9d732622580b17e) Importer(815301076,1909f56bfc062723c751e8b465ee728b)
Start importing Assets/Sprites using Guid(0ca8bac86119d437f9d732622580b17e) Importer(815301076,1909f56bfc062723c751e8b465ee728b)  -> (artifact id: '6ebb7bea4357a455dedc2b40842c1420') in 0.003128 seconds 
========================================================================
Received Import Request.
  Time since last request: 3.087114 seconds.
  path: Assets/Sprites/05173b6a194d0e18d99a9fcf6bc3f8f2.png
  artifactKey: Guid(41f9325d0b4b8448dbb4b7cd029533af) Importer(815301076,1909f56bfc062723c751e8b465ee728b)
Start importing Assets/Sprites/05173b6a194d0e18d99a9fcf6bc3f8f2.png using Guid(41f9325d0b4b8448dbb4b7cd029533af) Importer(815301076,1909f56bfc062723c751e8b465ee728b)  -> (artifact id: 'a6076f64abc81af54bcdf7d96e03b007') in 0.893091 seconds 
========================================================================
Received Import Request.
  Time since last request: 136.835791 seconds.
  path: Assets/Sprites/spritesheet.png
  artifactKey: Guid(e1d825270dcdf4a1ea77388d067163f6) Importer(815301076,1909f56bfc062723c751e8b465ee728b)
Start importing Assets/Sprites/spritesheet.png using Guid(e1d825270dcdf4a1ea77388d067163f6) Importer(815301076,1909f56bfc062723c751e8b465ee728b)  -> (artifact id: '5ee97e44eeb7d10bf856e7e6d53b6afa') in 0.031977 seconds 
========================================================================
Received Import Request.
  Time since last request: 24.283011 seconds.
  path: Assets/Sprites/spritesheet.png
  artifactKey: Guid(e1d825270dcdf4a1ea77388d067163f6) Importer(815301076,1909f56bfc062723c751e8b465ee728b)
Start importing Assets/Sprites/spritesheet.png using Guid(e1d825270dcdf4a1ea77388d067163f6) Importer(815301076,1909f56bfc062723c751e8b465ee728b)  -> (artifact id: '14d8f07c26047ba2d48f38a44ef35cc9') in 0.006978 seconds 
========================================================================
Received Import Request.
  Time since last request: 50.280567 seconds.
  path: Assets/Sprites/Rectangular Palette.prefab
  artifactKey: Guid(1bce2702fae0f4195856947e398489e6) Importer(815301076,1909f56bfc062723c751e8b465ee728b)
Start importing Assets/Sprites/Rectangular Palette.prefab using Guid(1bce2702fae0f4195856947e398489e6) Importer(815301076,1909f56bfc062723c751e8b465ee728b)  -> (artifact id: 'acbe0f973dbe9db37a4c64c114b7f442') in 0.628426 seconds 
========================================================================
Received Import Request.
  Time since last request: 41.441986 seconds.
  path: Assets/Sprites/NeonPalette.prefab
  artifactKey: Guid(22ad01402c76c46918fd158832962787) Importer(815301076,1909f56bfc062723c751e8b465ee728b)
Start importing Assets/Sprites/NeonPalette.prefab using Guid(22ad01402c76c46918fd158832962787) Importer(815301076,1909f56bfc062723c751e8b465ee728b)  -> (artifact id: '82fc46f7c6a6b18d44f8353f501ea840') in 0.029399 seconds 
========================================================================
Received Import Request.
  Time since last request: 28.325339 seconds.
  path: Assets/Sprites/Red_Arrow_Left.svg.png
  artifactKey: Guid(f96efef06d8dd427b9eab72f1228d25f) Importer(815301076,1909f56bfc062723c751e8b465ee728b)
Start importing Assets/Sprites/Red_Arrow_Left.svg.png using Guid(f96efef06d8dd427b9eab72f1228d25f) Importer(815301076,1909f56bfc062723c751e8b465ee728b)  -> (artifact id: 'a23c95a9b1aa11b38795cebd63b14a5b') in 0.040396 seconds 
========================================================================
Received Import Request.
  Time since last request: 189.499247 seconds.
  path: Assets/Sprites/spritesheet.png
  artifactKey: Guid(e1d825270dcdf4a1ea77388d067163f6) Importer(815301076,1909f56bfc062723c751e8b465ee728b)
Start importing Assets/Sprites/spritesheet.png using Guid(e1d825270dcdf4a1ea77388d067163f6) Importer(815301076,1909f56bfc062723c751e8b465ee728b)  -> (artifact id: 'c1a5c83e6678930bb9dd5072daaf85ff') in 0.108437 seconds 
========================================================================
Received Import Request.
  Time since last request: 53.692309 seconds.
  path: Assets/Sprites/New Palette 1.prefab
  artifactKey: Guid(f0c1625310169ac47869f9fd53f36a43) Importer(815301076,1909f56bfc062723c751e8b465ee728b)
Start importing Assets/Sprites/New Palette 1.prefab using Guid(f0c1625310169ac47869f9fd53f36a43) Importer(815301076,1909f56bfc062723c751e8b465ee728b)  -> (artifact id: 'b3e769ff5b096c3f9f10e7a7c06bd465') in 0.055501 seconds 
========================================================================
Received Import Request.
  Time since last request: 0.000096 seconds.
  path: Assets/Sprites/spritesheet_14.asset
  artifactKey: Guid(bb70f3ca7d39040f3a7605bae39cf657) Importer(815301076,1909f56bfc062723c751e8b465ee728b)
Start importing Assets/Sprites/spritesheet_14.asset using Guid(bb70f3ca7d39040f3a7605bae39cf657) Importer(815301076,1909f56bfc062723c751e8b465ee728b)  -> (artifact id: '37c1d7fa268749c22bb5684d7463765d') in 0.608937 seconds 
========================================================================
Received Import Request.
  Time since last request: 0.000052 seconds.
  path: Assets/Sprites/spritesheet_2.asset
  artifactKey: Guid(8d533243dc3be485dbd87bd87a44a1d8) Importer(815301076,1909f56bfc062723c751e8b465ee728b)
Start importing Assets/Sprites/spritesheet_2.asset using Guid(8d533243dc3be485dbd87bd87a44a1d8) Importer(815301076,1909f56bfc062723c751e8b465ee728b)  -> (artifact id: '67d0e2291e7820e69e9ea4361a68e68d') in 0.005928 seconds 
========================================================================
Received Import Request.
  Time since last request: 0.000037 seconds.
  path: Assets/Sprites/spritesheet_10.asset
  artifactKey: Guid(e771e5a0990d34cc0955ee583374bb9d) Importer(815301076,1909f56bfc062723c751e8b465ee728b)
Start importing Assets/Sprites/spritesheet_10.asset using Guid(e771e5a0990d34cc0955ee583374bb9d) Importer(815301076,1909f56bfc062723c751e8b465ee728b)  -> (artifact id: '211208863ae46ef0bee61ca2868ff39e') in 0.004298 seconds 
========================================================================
Received Import Request.
  Time since last request: 0.000064 seconds.
  path: Assets/Sprites/spritesheet_3.asset
  artifactKey: Guid(e98c95e9736bd415994d96e8fe36c952) Importer(815301076,1909f56bfc062723c751e8b465ee728b)
Start importing Assets/Sprites/spritesheet_3.asset using Guid(e98c95e9736bd415994d96e8fe36c952) Importer(815301076,1909f56bfc062723c751e8b465ee728b)  -> (artifact id: 'f30e69650aa523e81cfb6a7e9d15dd87') in 0.003925 seconds 
========================================================================
Received Import Request.
  Time since last request: 0.000056 seconds.
  path: Assets/Sprites/spritesheet_4.asset
  artifactKey: Guid(ce2a9c6a9cbf24049a0e8677856849e3) Importer(815301076,1909f56bfc062723c751e8b465ee728b)
Start importing Assets/Sprites/spritesheet_4.asset using Guid(ce2a9c6a9cbf24049a0e8677856849e3) Importer(815301076,1909f56bfc062723c751e8b465ee728b)  -> (artifact id: 'f55d8c0042e81a0a0c1a58c9511c0c0f') in 0.007429 seconds 
========================================================================
Received Import Request.
  Time since last request: 0.000049 seconds.
  path: Assets/Sprites/spritesheet_7.asset
  artifactKey: Guid(d9d30719444f1489d8efc29c984e6f69) Importer(815301076,1909f56bfc062723c751e8b465ee728b)
Start importing Assets/Sprites/spritesheet_7.asset using Guid(d9d30719444f1489d8efc29c984e6f69) Importer(815301076,1909f56bfc062723c751e8b465ee728b)  -> (artifact id: '22b21aeb35204708a09fdb73fb225fff') in 0.004240 seconds 
========================================================================
Received Import Request.
  Time since last request: 0.000048 seconds.
  path: Assets/Sprites/spritesheet_1.asset
  artifactKey: Guid(9fb71a9f40ea444d9acb11c803462614) Importer(815301076,1909f56bfc062723c751e8b465ee728b)
Start importing Assets/Sprites/spritesheet_1.asset using Guid(9fb71a9f40ea444d9acb11c803462614) Importer(815301076,1909f56bfc062723c751e8b465ee728b)  -> (artifact id: '293445372b30e2ca3d2c7aef75c4fe84') in 0.004154 seconds 
========================================================================
Received Import Request.
  Time since last request: 0.000054 seconds.
  path: Assets/Sprites/spritesheet_11.asset
  artifactKey: Guid(60cc8744c974a4a64ade8caa2c0de48c) Importer(815301076,1909f56bfc062723c751e8b465ee728b)
Start importing Assets/Sprites/spritesheet_11.asset using Guid(60cc8744c974a4a64ade8caa2c0de48c) Importer(815301076,1909f56bfc062723c751e8b465ee728b)  -> (artifact id: 'ac11c5de56f1300b17a6408fe74ce1e2') in 0.003800 seconds 
========================================================================
Received Import Request.
  Time since last request: 0.000047 seconds.
  path: Assets/Sprites/spritesheet_13.asset
  artifactKey: Guid(5ffa8e9841fd4430f82a03e1321666fa) Importer(815301076,1909f56bfc062723c751e8b465ee728b)
Start importing Assets/Sprites/spritesheet_13.asset using Guid(5ffa8e9841fd4430f82a03e1321666fa) Importer(815301076,1909f56bfc062723c751e8b465ee728b)  -> (artifact id: '35ffc7fbe527d3355c832aa823f89762') in 0.003326 seconds 
========================================================================
Received Import Request.
  Time since last request: 78.501386 seconds.
  path: Assets/Sprites/spritesheet_17.asset
  artifactKey: Guid(3b5ef0062668749e499c49d5f9849f7c) Importer(815301076,1909f56bfc062723c751e8b465ee728b)
Start importing Assets/Sprites/spritesheet_17.asset using Guid(3b5ef0062668749e499c49d5f9849f7c) Importer(815301076,1909f56bfc062723c751e8b465ee728b)  -> (artifact id: '0ccbf108caa604deb4fd1fb466d6e81c') in 0.017521 seconds 
========================================================================
Received Import Request.
  Time since last request: 0.000127 seconds.
  path: Assets/Sprites/spritesheet_18.asset
  artifactKey: Guid(98fc6fef7712546b480127b996f570f9) Importer(815301076,1909f56bfc062723c751e8b465ee728b)
Start importing Assets/Sprites/spritesheet_18.asset using Guid(98fc6fef7712546b480127b996f570f9) Importer(815301076,1909f56bfc062723c751e8b465ee728b)  -> (artifact id: '2f9b1ea66cc21c9ebf41fa04bfa3e182') in 0.004637 seconds 
========================================================================
Received Import Request.
  Time since last request: 0.000049 seconds.
  path: Assets/Sprites/spritesheet_20.asset
  artifactKey: Guid(7edb0282de9194ef5a59bbfb0db0c131) Importer(815301076,1909f56bfc062723c751e8b465ee728b)
Start importing Assets/Sprites/spritesheet_20.asset using Guid(7edb0282de9194ef5a59bbfb0db0c131) Importer(815301076,1909f56bfc062723c751e8b465ee728b)  -> (artifact id: '7a1247ce43442e6f0ba50043c67404cf') in 0.005750 seconds 
========================================================================
Received Import Request.
  Time since last request: 0.000049 seconds.
  path: Assets/Sprites/spritesheet_19.asset
  artifactKey: Guid(fd1a9e83196ff47da9c6dc0f52bcc15a) Importer(815301076,1909f56bfc062723c751e8b465ee728b)
Start importing Assets/Sprites/spritesheet_19.asset using Guid(fd1a9e83196ff47da9c6dc0f52bcc15a) Importer(815301076,1909f56bfc062723c751e8b465ee728b)  -> (artifact id: 'e8efb24e9bd354773bae8643b2a68a97') in 0.004077 seconds 
========================================================================
Received Import Request.
  Time since last request: 0.020713 seconds.
  path: Assets/Sprites/spritesheet_21.asset
  artifactKey: Guid(05d46daaf0ea94f12a9b5508f21342ce) Importer(815301076,1909f56bfc062723c751e8b465ee728b)
Start importing Assets/Sprites/spritesheet_21.asset using Guid(05d46daaf0ea94f12a9b5508f21342ce) Importer(815301076,1909f56bfc062723c751e8b465ee728b)  -> (artifact id: '08745e690614439e5493f5b20dd61b89') in 0.004587 seconds 
========================================================================
Received Import Request.
  Time since last request: 0.000044 seconds.
  path: Assets/Sprites/spritesheet_23.asset
  artifactKey: Guid(78328bee6d50540d3834c09fb5622cd1) Importer(815301076,1909f56bfc062723c751e8b465ee728b)
Start importing Assets/Sprites/spritesheet_23.asset using Guid(78328bee6d50540d3834c09fb5622cd1) Importer(815301076,1909f56bfc062723c751e8b465ee728b)  -> (artifact id: '52816e0ec16e69f0560d3296f7bb5203') in 0.003703 seconds 
========================================================================
Received Import Request.
  Time since last request: 0.000044 seconds.
  path: Assets/Sprites/spritesheet_22.asset
  artifactKey: Guid(8d550bcc6e22a4901a99226322a6a9b3) Importer(815301076,1909f56bfc062723c751e8b465ee728b)
Start importing Assets/Sprites/spritesheet_22.asset using Guid(8d550bcc6e22a4901a99226322a6a9b3) Importer(815301076,1909f56bfc062723c751e8b465ee728b)  -> (artifact id: '48d5abe24239138fcb1a05a637b97e2f') in 0.004380 seconds 
========================================================================
Received Import Request.
  Time since last request: 0.000049 seconds.
  path: Assets/Sprites/spritesheet_24.asset
  artifactKey: Guid(780a0c9d09eac471daed07dbd6c93362) Importer(815301076,1909f56bfc062723c751e8b465ee728b)
Start importing Assets/Sprites/spritesheet_24.asset using Guid(780a0c9d09eac471daed07dbd6c93362) Importer(815301076,1909f56bfc062723c751e8b465ee728b)  -> (artifact id: 'bbfcde957e3c7086944d9236d77f00bd') in 0.007037 seconds 
========================================================================
Received Import Request.
  Time since last request: 0.000060 seconds.
  path: Assets/Sprites/spritesheet_26.asset
  artifactKey: Guid(c73907e9b726240dd8a3f5576f977d16) Importer(815301076,1909f56bfc062723c751e8b465ee728b)
Start importing Assets/Sprites/spritesheet_26.asset using Guid(c73907e9b726240dd8a3f5576f977d16) Importer(815301076,1909f56bfc062723c751e8b465ee728b)  -> (artifact id: '0b74d5184e9837062d507d9a18be8054') in 0.004906 seconds 
========================================================================
Received Import Request.
  Time since last request: 0.000042 seconds.
  path: Assets/Sprites/spritesheet_30.asset
  artifactKey: Guid(721af1eed23834fa8a3669498480de57) Importer(815301076,1909f56bfc062723c751e8b465ee728b)
Start importing Assets/Sprites/spritesheet_30.asset using Guid(721af1eed23834fa8a3669498480de57) Importer(815301076,1909f56bfc062723c751e8b465ee728b)  -> (artifact id: 'bba78a97bc27cc32ed28fe5cd753c4f0') in 0.003830 seconds 
========================================================================
Received Import Request.
  Time since last request: 0.000070 seconds.
  path: Assets/Sprites/spritesheet_27.asset
  artifactKey: Guid(fec6f6d5e7f6840839f99d074d39bfd8) Importer(815301076,1909f56bfc062723c751e8b465ee728b)
Start importing Assets/Sprites/spritesheet_27.asset using Guid(fec6f6d5e7f6840839f99d074d39bfd8) Importer(815301076,1909f56bfc062723c751e8b465ee728b)  -> (artifact id: 'c809724b29daa6ac6a4535e2ef2f3462') in 0.004145 seconds 
========================================================================
Received Import Request.
  Time since last request: 0.000059 seconds.
  path: Assets/Sprites/spritesheet_29.asset
  artifactKey: Guid(32f6d0072cc69482d9288a39c5cbddf4) Importer(815301076,1909f56bfc062723c751e8b465ee728b)
Start importing Assets/Sprites/spritesheet_29.asset using Guid(32f6d0072cc69482d9288a39c5cbddf4) Importer(815301076,1909f56bfc062723c751e8b465ee728b)  -> (artifact id: 'b87121863347037853fbdb874b3131bd') in 0.003703 seconds 
========================================================================
Received Import Request.
  Time since last request: 0.029983 seconds.
  path: Assets/Sprites/spritesheet_32.asset
  artifactKey: Guid(d5f0d2598e4274a5189a8a3d86077dab) Importer(815301076,1909f56bfc062723c751e8b465ee728b)
Start importing Assets/Sprites/spritesheet_32.asset using Guid(d5f0d2598e4274a5189a8a3d86077dab) Importer(815301076,1909f56bfc062723c751e8b465ee728b)  -> (artifact id: '422dfe17c2dd760a421fcb1ed2070159') in 0.003931 seconds 
========================================================================
Received Import Request.
  Time since last request: 0.000041 seconds.
  path: Assets/Sprites/spritesheet_35.asset
  artifactKey: Guid(304ed26bac3504954b2708df2cef6489) Importer(815301076,1909f56bfc062723c751e8b465ee728b)
Start importing Assets/Sprites/spritesheet_35.asset using Guid(304ed26bac3504954b2708df2cef6489) Importer(815301076,1909f56bfc062723c751e8b465ee728b)  -> (artifact id: '85353333d60208542bada1d01745f5eb') in 0.004409 seconds 
========================================================================
Received Import Request.
  Time since last request: 0.000047 seconds.
  path: Assets/Sprites/spritesheet_33.asset
  artifactKey: Guid(29926a30d4b2f468298a3fe2e0082869) Importer(815301076,1909f56bfc062723c751e8b465ee728b)
Start importing Assets/Sprites/spritesheet_33.asset using Guid(29926a30d4b2f468298a3fe2e0082869) Importer(815301076,1909f56bfc062723c751e8b465ee728b)  -> (artifact id: '18423ae81fb730fb76c8460b8c965af7') in 0.003481 seconds 
========================================================================
Received Import Request.
  Time since last request: 0.019561 seconds.
  path: Assets/Sprites/spritesheet_37.asset
  artifactKey: Guid(5d87292b8138e4a53acf7c0510e1f264) Importer(815301076,1909f56bfc062723c751e8b465ee728b)
Start importing Assets/Sprites/spritesheet_37.asset using Guid(5d87292b8138e4a53acf7c0510e1f264) Importer(815301076,1909f56bfc062723c751e8b465ee728b)  -> (artifact id: 'a3f71e787b81e6e085a4883749d2ffa5') in 0.003819 seconds 
========================================================================
Received Import Request.
  Time since last request: 0.000037 seconds.
  path: Assets/Sprites/spritesheet_40.asset
  artifactKey: Guid(34fa386142724464b8aa93052508131c) Importer(815301076,1909f56bfc062723c751e8b465ee728b)
Start importing Assets/Sprites/spritesheet_40.asset using Guid(34fa386142724464b8aa93052508131c) Importer(815301076,1909f56bfc062723c751e8b465ee728b)  -> (artifact id: '698036013d85fd8d01d331e12ca7828d') in 0.003428 seconds 
========================================================================
Received Import Request.
  Time since last request: 0.000062 seconds.
  path: Assets/Sprites/spritesheet_38.asset
  artifactKey: Guid(25634f820c35743ecac049f207935c8d) Importer(815301076,1909f56bfc062723c751e8b465ee728b)
Start importing Assets/Sprites/spritesheet_38.asset using Guid(25634f820c35743ecac049f207935c8d) Importer(815301076,1909f56bfc062723c751e8b465ee728b)  -> (artifact id: '6c79aa74080479820bd518967a5df13c') in 0.003733 seconds 
========================================================================
Received Import Request.
  Time since last request: 0.037746 seconds.
  path: Assets/Sprites/spritesheet_42.asset
  artifactKey: Guid(4f58b8a03f1624a2ea34a0ff59d1000f) Importer(815301076,1909f56bfc062723c751e8b465ee728b)
Start importing Assets/Sprites/spritesheet_42.asset using Guid(4f58b8a03f1624a2ea34a0ff59d1000f) Importer(815301076,1909f56bfc062723c751e8b465ee728b)  -> (artifact id: '7b0e9f5b010aee0a47580df9321abac7') in 0.004100 seconds 
========================================================================
Received Import Request.
  Time since last request: 0.000031 seconds.
  path: Assets/Sprites/spritesheet_43.asset
  artifactKey: Guid(aa67930313a164acba59cd76fd9c4554) Importer(815301076,1909f56bfc062723c751e8b465ee728b)
Start importing Assets/Sprites/spritesheet_43.asset using Guid(aa67930313a164acba59cd76fd9c4554) Importer(815301076,1909f56bfc062723c751e8b465ee728b)  -> (artifact id: '398572913db0c93b75a43a9e184dffac') in 0.003654 seconds 
========================================================================
Received Import Request.
  Time since last request: 8.720822 seconds.
  path: Assets/Sprites/New Palette 1.prefab
  artifactKey: Guid(f0c1625310169ac47869f9fd53f36a43) Importer(815301076,1909f56bfc062723c751e8b465ee728b)
Start importing Assets/Sprites/New Palette 1.prefab using Guid(f0c1625310169ac47869f9fd53f36a43) Importer(815301076,1909f56bfc062723c751e8b465ee728b)  -> (artifact id: '79140463555c013aaa5014fab8ab3888') in 0.031410 seconds 
========================================================================
Received Import Request.
  Time since last request: 1155.011904 seconds.
  path: Assets/Sprites/neonsprites/spritesheet_1.asset
  artifactKey: Guid(32cf2ad26d8fd40a68c991804e500206) Importer(815301076,1909f56bfc062723c751e8b465ee728b)
Start importing Assets/Sprites/neonsprites/spritesheet_1.asset using Guid(32cf2ad26d8fd40a68c991804e500206) Importer(815301076,1909f56bfc062723c751e8b465ee728b)  -> (artifact id: 'be424a2e8b649b6deaed6949bb8b02c5') in 0.036113 seconds 
========================================================================
Received Import Request.
  Time since last request: 0.000234 seconds.
  path: Assets/Sprites/neonsprites/spritesheet_12.asset
  artifactKey: Guid(56fd9d951f4ba436391980b3d69080b9) Importer(815301076,1909f56bfc062723c751e8b465ee728b)
Start importing Assets/Sprites/neonsprites/spritesheet_12.asset using Guid(56fd9d951f4ba436391980b3d69080b9) Importer(815301076,1909f56bfc062723c751e8b465ee728b)  -> (artifact id: '194bf6fdb429c4ca115bb5b3b2189fd8') in 0.005904 seconds 
========================================================================
Received Import Request.
  Time since last request: 0.000052 seconds.
  path: Assets/Sprites/neonsprites/spritesheet_7.asset
  artifactKey: Guid(252c342d7563b4745943eb04e07048a4) Importer(815301076,1909f56bfc062723c751e8b465ee728b)
Start importing Assets/Sprites/neonsprites/spritesheet_7.asset using Guid(252c342d7563b4745943eb04e07048a4) Importer(815301076,1909f56bfc062723c751e8b465ee728b)  -> (artifact id: '9cc61c2cdab217b2529ee4da7d1e8e00') in 0.005080 seconds 
========================================================================
Received Import Request.
  Time since last request: 0.000044 seconds.
  path: Assets/Sprites/neonsprites/spritesheet_18.asset
  artifactKey: Guid(4e9fa30f33d7c43fe85a8810d285b314) Importer(815301076,1909f56bfc062723c751e8b465ee728b)
Start importing Assets/Sprites/neonsprites/spritesheet_18.asset using Guid(4e9fa30f33d7c43fe85a8810d285b314) Importer(815301076,1909f56bfc062723c751e8b465ee728b)  -> (artifact id: 'd36515b08089f711ab74daa60976eb64') in 0.005119 seconds 
========================================================================
Received Import Request.
  Time since last request: 0.000050 seconds.
  path: Assets/Sprites/neonsprites/spritesheet_4.asset
  artifactKey: Guid(28232dc91293d41858eb8a28fff8d7fa) Importer(815301076,1909f56bfc062723c751e8b465ee728b)
Start importing Assets/Sprites/neonsprites/spritesheet_4.asset using Guid(28232dc91293d41858eb8a28fff8d7fa) Importer(815301076,1909f56bfc062723c751e8b465ee728b)  -> (artifact id: 'a108318c3753d8c93c72b638457e5ddd') in 0.003360 seconds 
========================================================================
Received Import Request.
  Time since last request: 0.000042 seconds.
  path: Assets/Sprites/neonsprites/spritesheet_5.asset
  artifactKey: Guid(d54f1546b29374d67908474d6d06ecac) Importer(815301076,1909f56bfc062723c751e8b465ee728b)
Start importing Assets/Sprites/neonsprites/spritesheet_5.asset using Guid(d54f1546b29374d67908474d6d06ecac) Importer(815301076,1909f56bfc062723c751e8b465ee728b)  -> (artifact id: 'b3d5bc765b99ae860842a3d615990e96') in 0.003248 seconds 
========================================================================
Received Import Request.
  Time since last request: 0.000041 seconds.
  path: Assets/Sprites/neonsprites/spritesheet_15.asset
  artifactKey: Guid(a95b7c77b3cc24d2a8ef9a4536a0b1c2) Importer(815301076,1909f56bfc062723c751e8b465ee728b)
Start importing Assets/Sprites/neonsprites/spritesheet_15.asset using Guid(a95b7c77b3cc24d2a8ef9a4536a0b1c2) Importer(815301076,1909f56bfc062723c751e8b465ee728b)  -> (artifact id: 'ae79cdf114fc41914e53a3807faaf923') in 0.003012 seconds 
========================================================================
Received Import Request.
  Time since last request: 0.000053 seconds.
  path: Assets/Sprites/neonsprites/spritesheet_3.asset
  artifactKey: Guid(1b0f66e68d2ff4372a6cfa0143c989fc) Importer(815301076,1909f56bfc062723c751e8b465ee728b)
Start importing Assets/Sprites/neonsprites/spritesheet_3.asset using Guid(1b0f66e68d2ff4372a6cfa0143c989fc) Importer(815301076,1909f56bfc062723c751e8b465ee728b)  -> (artifact id: 'f728c7be75a18822f5efa98010b0bd26') in 0.002936 seconds 
========================================================================
Received Import Request.
  Time since last request: 0.000072 seconds.
  path: Assets/Sprites/neonsprites/spritesheet_2.asset
  artifactKey: Guid(fb64f81219cf5444fbd6830027e483fe) Importer(815301076,1909f56bfc062723c751e8b465ee728b)
Start importing Assets/Sprites/neonsprites/spritesheet_2.asset using Guid(fb64f81219cf5444fbd6830027e483fe) Importer(815301076,1909f56bfc062723c751e8b465ee728b)  -> (artifact id: '057ee4b86c3f9bed7d140ff3fc83e922') in 0.003067 seconds 
========================================================================
Received Import Request.
  Time since last request: 19.532005 seconds.
  path: Assets/Sprites/neonsprites/spritesheet_28.asset
  artifactKey: Guid(fc48dba6857214ddcbbea6f874b2dc65) Importer(815301076,1909f56bfc062723c751e8b465ee728b)
Start importing Assets/Sprites/neonsprites/spritesheet_28.asset using Guid(fc48dba6857214ddcbbea6f874b2dc65) Importer(815301076,1909f56bfc062723c751e8b465ee728b)  -> (artifact id: '03f709b9f640d04ee0f1f67c14a518a0') in 0.006983 seconds 
========================================================================
Received Import Request.
  Time since last request: 0.000044 seconds.
  path: Assets/Sprites/neonsprites/spritesheet_29.asset
  artifactKey: Guid(de475a0248b5b490db6c365bd6569551) Importer(815301076,1909f56bfc062723c751e8b465ee728b)
Start importing Assets/Sprites/neonsprites/spritesheet_29.asset using Guid(de475a0248b5b490db6c365bd6569551) Importer(815301076,1909f56bfc062723c751e8b465ee728b)  -> (artifact id: 'ba22fff62ae9c2997efb76b66c3e5ca7') in 0.003973 seconds 
========================================================================
Received Import Request.
  Time since last request: 0.022184 seconds.
  path: Assets/Sprites/neonsprites/spritesheet_32.asset
  artifactKey: Guid(ce9fbeab2706c4388a5b803062d0bd6d) Importer(815301076,1909f56bfc062723c751e8b465ee728b)
Start importing Assets/Sprites/neonsprites/spritesheet_32.asset using Guid(ce9fbeab2706c4388a5b803062d0bd6d) Importer(815301076,1909f56bfc062723c751e8b465ee728b)  -> (artifact id: '561369ec31b808b9891e3ed8d81ad29a') in 0.006040 seconds 
========================================================================
Received Import Request.
  Time since last request: 0.000092 seconds.
  path: Assets/Sprites/neonsprites/spritesheet_38.asset
  artifactKey: Guid(12dbee7aff2fe4124ae4432d4aeac686) Importer(815301076,1909f56bfc062723c751e8b465ee728b)
Start importing Assets/Sprites/neonsprites/spritesheet_38.asset using Guid(12dbee7aff2fe4124ae4432d4aeac686) Importer(815301076,1909f56bfc062723c751e8b465ee728b)  -> (artifact id: '22feabe61f79960812545b685a7b735e') in 0.005120 seconds 
========================================================================
Received Import Request.
  Time since last request: 0.000061 seconds.
  path: Assets/Sprites/neonsprites/spritesheet_33.asset
  artifactKey: Guid(acb043fe3e671455b9ebfe49ce487425) Importer(815301076,1909f56bfc062723c751e8b465ee728b)
Start importing Assets/Sprites/neonsprites/spritesheet_33.asset using Guid(acb043fe3e671455b9ebfe49ce487425) Importer(815301076,1909f56bfc062723c751e8b465ee728b)  -> (artifact id: '2435252fa245d2c1821623a259b240bd') in 0.004685 seconds 
========================================================================
Received Import Request.
  Time since last request: 0.000057 seconds.
  path: Assets/Sprites/neonsprites/spritesheet_37.asset
  artifactKey: Guid(7010f8e711b6e477a8e2607330c39bd8) Importer(815301076,1909f56bfc062723c751e8b465ee728b)
Start importing Assets/Sprites/neonsprites/spritesheet_37.asset using Guid(7010f8e711b6e477a8e2607330c39bd8) Importer(815301076,1909f56bfc062723c751e8b465ee728b)  -> (artifact id: '62a44c859814a11d388cbc64211f6581') in 0.006028 seconds 
========================================================================
Received Import Request.
  Time since last request: 0.000059 seconds.
  path: Assets/Sprites/neonsprites/spritesheet_36.asset
  artifactKey: Guid(78b31c16edfed4ff29e2305b819a852a) Importer(815301076,1909f56bfc062723c751e8b465ee728b)
Start importing Assets/Sprites/neonsprites/spritesheet_36.asset using Guid(78b31c16edfed4ff29e2305b819a852a) Importer(815301076,1909f56bfc062723c751e8b465ee728b)  -> (artifact id: 'ba4c2ba8c39d68c24f07f068d85955f2') in 0.003512 seconds 
========================================================================
Received Import Request.
  Time since last request: 0.000063 seconds.
  path: Assets/Sprites/neonsprites/spritesheet_42.asset
  artifactKey: Guid(1b48069cebcb14d46817da403f68bc16) Importer(815301076,1909f56bfc062723c751e8b465ee728b)
Start importing Assets/Sprites/neonsprites/spritesheet_42.asset using Guid(1b48069cebcb14d46817da403f68bc16) Importer(815301076,1909f56bfc062723c751e8b465ee728b)  -> (artifact id: '2bf63e96fd9530c309d713cde77b669c') in 0.003139 seconds 
========================================================================
Received Import Request.
  Time since last request: 0.000039 seconds.
  path: Assets/Sprites/neonsprites/spritesheet_46.asset
  artifactKey: Guid(42cb384529d3548529cff16a813769fd) Importer(815301076,1909f56bfc062723c751e8b465ee728b)
Start importing Assets/Sprites/neonsprites/spritesheet_46.asset using Guid(42cb384529d3548529cff16a813769fd) Importer(815301076,1909f56bfc062723c751e8b465ee728b)  -> (artifact id: '78822c686153068c4a945040afdf0ee5') in 0.003312 seconds 
========================================================================
Received Import Request.
  Time since last request: 0.000055 seconds.
  path: Assets/Sprites/neonsprites/spritesheet_41.asset
  artifactKey: Guid(efa4ca17cf55741c19dcdf9d276b4509) Importer(815301076,1909f56bfc062723c751e8b465ee728b)
Start importing Assets/Sprites/neonsprites/spritesheet_41.asset using Guid(efa4ca17cf55741c19dcdf9d276b4509) Importer(815301076,1909f56bfc062723c751e8b465ee728b)  -> (artifact id: '9d8cf2f208783912d54f25743257d427') in 0.003117 seconds 
Editor requested this worker to shutdown with reason: Scaling down because of idle timeout
AssetImportWorkerClient::OnTransportError - code=2 error=End of file
AssetImportWorker is now disconnected from the server
Process exiting
